<?xml version="1.0" encoding="UTF-8" ?>
<testsuite tests="9" failures="0" name="br.gov.serpro.caixa24h.CaixaVinteQuatroHorasIntegradoBancoBetaContaRegularTest" time="0.038" errors="0" skipped="0">
  <properties>
    <property name="java.runtime.name" value="OpenJDK Runtime Environment"/>
    <property name="sun.boot.library.path" value="/usr/lib/jvm/java-8-openjdk-amd64/jre/lib/amd64"/>
    <property name="java.vm.version" value="25.191-b12"/>
    <property name="java.vm.vendor" value="Oracle Corporation"/>
    <property name="maven.multiModuleProjectDirectory" value="/home/25918442839/Área de Trabalho/mavenParent/caixa24horas/Banco24Horas-Parent"/>
    <property name="java.vendor.url" value="http://java.oracle.com/"/>
    <property name="path.separator" value=":"/>
    <property name="guice.disable.misplaced.annotation.check" value="true"/>
    <property name="java.vm.name" value="OpenJDK 64-Bit Server VM"/>
    <property name="file.encoding.pkg" value="sun.io"/>
    <property name="user.country" value="BR"/>
    <property name="sun.java.launcher" value="SUN_STANDARD"/>
    <property name="sun.os.patch.level" value="unknown"/>
    <property name="java.vm.specification.name" value="Java Virtual Machine Specification"/>
    <property name="user.dir" value="/home/25918442839/Área de Trabalho/mavenParent/caixa24horas/Banco24Horas-Parent"/>
    <property name="java.runtime.version" value="1.8.0_191-8u191-b12-0ubuntu0.18.04.1-b12"/>
    <property name="java.awt.graphicsenv" value="sun.awt.X11GraphicsEnvironment"/>
    <property name="java.endorsed.dirs" value="/usr/lib/jvm/java-8-openjdk-amd64/jre/lib/endorsed"/>
    <property name="os.arch" value="amd64"/>
    <property name="java.io.tmpdir" value="/tmp"/>
    <property name="line.separator" value="
"/>
    <property name="java.vm.specification.vendor" value="Oracle Corporation"/>
    <property name="os.name" value="Linux"/>
    <property name="classworlds.conf" value="/home/25918442839/Área de Trabalho/mavenParent/caixa24horas/.metadata/.plugins/org.eclipse.m2e.launching/launches/m2conf8335997370026053753.tmp"/>
    <property name="sun.jnu.encoding" value="UTF-8"/>
    <property name="java.library.path" value="/usr/java/packages/lib/amd64:/usr/lib/x86_64-linux-gnu/jni:/lib/x86_64-linux-gnu:/usr/lib/x86_64-linux-gnu:/usr/lib/jni:/lib:/usr/lib"/>
    <property name="java.specification.name" value="Java Platform API Specification"/>
    <property name="java.class.version" value="52.0"/>
    <property name="sun.management.compiler" value="HotSpot 64-Bit Tiered Compilers"/>
    <property name="os.version" value="4.15.0-43-generic"/>
    <property name="user.home" value="/home/25918442839"/>
    <property name="user.timezone" value="America/Sao_Paulo"/>
    <property name="java.awt.printerjob" value="sun.print.PSPrinterJob"/>
    <property name="file.encoding" value="UTF-8"/>
    <property name="java.specification.version" value="1.8"/>
    <property name="user.name" value="25918442839"/>
    <property name="java.class.path" value="/home/25918442839/spring-tool-suite-4-4.0.1.RELEASE-e4.9.0-linux.gtk.x86_64/sts-4.0.1.RELEASE/plugins/org.eclipse.m2e.maven.runtime_1.9.1.20180912-1600/jars/plexus-classworlds-2.5.2.jar"/>
    <property name="java.vm.specification.version" value="1.8"/>
    <property name="sun.arch.data.model" value="64"/>
    <property name="java.home" value="/usr/lib/jvm/java-8-openjdk-amd64/jre"/>
    <property name="sun.java.command" value="org.codehaus.plexus.classworlds.launcher.Launcher -B install"/>
    <property name="java.specification.vendor" value="Oracle Corporation"/>
    <property name="user.language" value="pt"/>
    <property name="awt.toolkit" value="sun.awt.X11.XToolkit"/>
    <property name="java.vm.info" value="mixed mode"/>
    <property name="java.version" value="1.8.0_191"/>
    <property name="java.ext.dirs" value="/usr/lib/jvm/java-8-openjdk-amd64/jre/lib/ext:/usr/java/packages/lib/ext"/>
    <property name="securerandom.source" value="file:/dev/./urandom"/>
    <property name="sun.boot.class.path" value="/usr/lib/jvm/java-8-openjdk-amd64/jre/lib/resources.jar:/usr/lib/jvm/java-8-openjdk-amd64/jre/lib/rt.jar:/usr/lib/jvm/java-8-openjdk-amd64/jre/lib/sunrsasign.jar:/usr/lib/jvm/java-8-openjdk-amd64/jre/lib/jsse.jar:/usr/lib/jvm/java-8-openjdk-amd64/jre/lib/jce.jar:/usr/lib/jvm/java-8-openjdk-amd64/jre/lib/charsets.jar:/usr/lib/jvm/java-8-openjdk-amd64/jre/lib/jfr.jar:/usr/lib/jvm/java-8-openjdk-amd64/jre/classes"/>
    <property name="java.vendor" value="Oracle Corporation"/>
    <property name="maven.home" value="/home/25918442839/Área de Trabalho/mavenParent/caixa24horas/Banco24Horas-Parent/EMBEDDED"/>
    <property name="file.separator" value="/"/>
    <property name="java.vendor.url.bug" value="http://bugreport.sun.com/bugreport/"/>
    <property name="sun.cpu.endian" value="little"/>
    <property name="sun.io.unicode.encoding" value="UnicodeLittle"/>
    <property name="sun.desktop" value="gnome"/>
    <property name="sun.cpu.isalist" value=""/>
  </properties>
  <testcase classname="br.gov.serpro.caixa24h.CaixaVinteQuatroHorasIntegradoBancoBetaContaRegularTest" name="deveRetornarSeTransferenciaFoiEfetuadaComSucesso" time="0.038"/>
  <testcase classname="br.gov.serpro.caixa24h.CaixaVinteQuatroHorasIntegradoBancoBetaContaRegularTest" name="deveRetornarSeSaqueEfetuadoComSucesso" time="0"/>
  <testcase classname="br.gov.serpro.caixa24h.CaixaVinteQuatroHorasIntegradoBancoBetaContaRegularTest" name="deveRetornarSaldoAoInformarNumeroDaConta" time="0"/>
  <testcase classname="br.gov.serpro.caixa24h.CaixaVinteQuatroHorasIntegradoBancoBetaContaRegularTest" name="deveRetornarExcecaoQuandoInformadoBancoNulo" time="0"/>
  <testcase classname="br.gov.serpro.caixa24h.CaixaVinteQuatroHorasIntegradoBancoBetaContaRegularTest" name="naoDevePermitirSaldoInsuficienteAoEfetuarSaque" time="0"/>
  <testcase classname="br.gov.serpro.caixa24h.CaixaVinteQuatroHorasIntegradoBancoBetaContaRegularTest" name="naoDevePermitirSaldoInsuficienteAoEfetuarTransferencia" time="0"/>
  <testcase classname="br.gov.serpro.caixa24h.CaixaVinteQuatroHorasIntegradoBancoBetaContaRegularTest" name="naoDevePermitirNumeroContaInexistenteParaConsultaExtrato" time="0"/>
  <testcase classname="br.gov.serpro.caixa24h.CaixaVinteQuatroHorasIntegradoBancoBetaContaRegularTest" name="deveRetornarSeDepositoEfetuadoComSucesso" time="0"/>
  <testcase classname="br.gov.serpro.caixa24h.CaixaVinteQuatroHorasIntegradoBancoBetaContaRegularTest" name="deveRetornarUmaConsultaDoExtrato" time="0"/>
</testsuite>